<?xml version='1.0' encoding='UTF-8' ?>
<testsuite name="com.magnet.android.mms.EarthquakeTest" tests="72" failures="0" errors="0" time="2.533" timestamp="2014-10-03T00:03:57" hostname="localhost">
  <properties device="Google Nexus 4 - 4.4.2 - API 19 - 768x1280 - 4.4.2" flavor="" project="api" />
  <testcase name="testEarthquakeRequest" classname="com.magnet.android.mms.EarthquakeTest" time="1.026" />
  <testcase name="testGetDistanceMatrix" classname="com.magnet.android.mms.GoogleDistanceMatrixTest" time="0.131" />
  <testcase name="testGetGeoCode" classname="com.magnet.android.mms.GoogleGeoCodeTest" time="0.051" />
  <testcase name="testAndroidTestCaseSetupProperly" classname="com.magnet.android.mms.MobileClientTest" time="0.0" />
  <testcase name="testDefaultConnectionConfig" classname="com.magnet.android.mms.MobileClientTest" time="0.0" />
  <testcase name="testNewInstance" classname="com.magnet.android.mms.MobileClientTest" time="0.0" />
  <testcase name="testTwitterPrivacyBadRequest" classname="com.magnet.android.mms.TwitterPrivacyTest" time="0.361" />
  <testcase name="testFileUtil" classname="com.magnet.android.mms.async.FileUtilTest" time="0.0" />
  <testcase name="testAndroidTestCaseSetupProperly" classname="com.magnet.android.mms.controller.RequestPrimitiveTest" time="0.0" />
  <testcase name="testEmptyMultiParam" classname="com.magnet.android.mms.controller.RequestPrimitiveTest" time="0.0" />
  <testcase name="testEmptyQueryParam" classname="com.magnet.android.mms.controller.RequestPrimitiveTest" time="0.0" />
  <testcase name="testEmptySingleListIntegerParam" classname="com.magnet.android.mms.controller.RequestPrimitiveTest" time="0.0" />
  <testcase name="testHeaderParam" classname="com.magnet.android.mms.controller.RequestPrimitiveTest" time="0.0" />
  <testcase name="testLoginFormParam" classname="com.magnet.android.mms.controller.RequestPrimitiveTest" time="0.001" />
  <testcase name="testMatrixParam" classname="com.magnet.android.mms.controller.RequestPrimitiveTest" time="0.0" />
  <testcase name="testMultPostParam" classname="com.magnet.android.mms.controller.RequestPrimitiveTest" time="0.0" />
  <testcase name="testMultPostWrapperParam" classname="com.magnet.android.mms.controller.RequestPrimitiveTest" time="0.0" />
  <testcase name="testMultiCoerceQueryParam" classname="com.magnet.android.mms.controller.RequestPrimitiveTest" time="0.0" />
  <testcase name="testMultiParam" classname="com.magnet.android.mms.controller.RequestPrimitiveTest" time="0.0" />
  <testcase name="testMultiTemplateParam" classname="com.magnet.android.mms.controller.RequestPrimitiveTest" time="0.0" />
  <testcase name="testQueryParam" classname="com.magnet.android.mms.controller.RequestPrimitiveTest" time="0.0" />
  <testcase name="testSingleBooleanArrayPostParam" classname="com.magnet.android.mms.controller.RequestPrimitiveTest" time="0.0" />
  <testcase name="testSingleIntArrayPostParam" classname="com.magnet.android.mms.controller.RequestPrimitiveTest" time="0.0" />
  <testcase name="testSingleListBigDecimalPostParam" classname="com.magnet.android.mms.controller.RequestPrimitiveTest" time="0.0" />
  <testcase name="testSingleListBigIntegerPostParam" classname="com.magnet.android.mms.controller.RequestPrimitiveTest" time="0.0" />
  <testcase name="testSingleListBooleanPostParam" classname="com.magnet.android.mms.controller.RequestPrimitiveTest" time="0.0" />
  <testcase name="testSingleListBytePostParam" classname="com.magnet.android.mms.controller.RequestPrimitiveTest" time="0.026" />
  <testcase name="testSingleListCharPostParam" classname="com.magnet.android.mms.controller.RequestPrimitiveTest" time="0.0" />
  <testcase name="testSingleListDoublePostParam" classname="com.magnet.android.mms.controller.RequestPrimitiveTest" time="0.0" />
  <testcase name="testSingleListFloatPostParam" classname="com.magnet.android.mms.controller.RequestPrimitiveTest" time="0.0" />
  <testcase name="testSingleListIntegerPostParam" classname="com.magnet.android.mms.controller.RequestPrimitiveTest" time="0.0" />
  <testcase name="testSingleListLongPostParam" classname="com.magnet.android.mms.controller.RequestPrimitiveTest" time="0.0" />
  <testcase name="testSingleListShortPostParam" classname="com.magnet.android.mms.controller.RequestPrimitiveTest" time="0.0" />
  <testcase name="testSingleListStringPostParam" classname="com.magnet.android.mms.controller.RequestPrimitiveTest" time="0.0" />
  <testcase name="testSingleObjListPostParam" classname="com.magnet.android.mms.controller.RequestPrimitiveTest" time="0.0" />
  <testcase name="testSinglePostParam" classname="com.magnet.android.mms.controller.RequestPrimitiveTest" time="0.0" />
  <testcase name="testSingleTemplateParam" classname="com.magnet.android.mms.controller.RequestPrimitiveTest" time="0.0" />
  <testcase name="testVoidParams" classname="com.magnet.android.mms.controller.RequestPrimitiveTest" time="0.0" />
  <testcase name="testGeocodeJson" classname="com.magnet.android.mms.request.DirectRestResponseTest" time="0.027" />
  <testcase name="testAndroidTestCaseSetupProperly" classname="com.magnet.android.mms.request.GenericResponseParserPrimitiveTest" time="0.0" />
  <testcase name="testEmptyArrayResponse" classname="com.magnet.android.mms.request.GenericResponseParserPrimitiveTest" time="0.0" />
  <testcase name="testGenericPrimitiveResponse" classname="com.magnet.android.mms.request.GenericResponseParserPrimitiveTest" time="0.0" />
  <testcase name="testJavaLangObjResponse" classname="com.magnet.android.mms.request.GenericResponseParserPrimitiveTest" time="0.0" />
  <testcase name="testMalformatResponse" classname="com.magnet.android.mms.request.GenericResponseParserPrimitiveTest" time="0.0" />
  <testcase name="testNullResponse" classname="com.magnet.android.mms.request.GenericResponseParserPrimitiveTest" time="0.0" />
  <testcase name="testNumberResponse" classname="com.magnet.android.mms.request.GenericResponseParserPrimitiveTest" time="0.0" />
  <testcase name="testPlainTextResponse" classname="com.magnet.android.mms.request.GenericResponseParserPrimitiveTest" time="0.0" />
  <testcase name="testPrimitiveVoidResponse" classname="com.magnet.android.mms.request.GenericResponseParserPrimitiveTest" time="0.0" />
  <testcase name="testStringListResponse" classname="com.magnet.android.mms.request.GenericResponseParserPrimitiveTest" time="0.0" />
  <testcase name="testStringResponse" classname="com.magnet.android.mms.request.GenericResponseParserPrimitiveTest" time="0.0" />
  <testcase name="testVoidResponse" classname="com.magnet.android.mms.request.GenericResponseParserPrimitiveTest" time="0.0" />
  <testcase name="testAndroidTestCaseSetupProperly" classname="com.magnet.android.mms.request.ResponsePrimitiveTest" time="0.0" />
  <testcase name="testEmptyResponse" classname="com.magnet.android.mms.request.ResponsePrimitiveTest" time="0.0" />
  <testcase name="testGenericStringResponse" classname="com.magnet.android.mms.request.ResponsePrimitiveTest" time="0.0" />
  <testcase name="testGenericUrlResponse" classname="com.magnet.android.mms.request.ResponsePrimitiveTest" time="0.0" />
  <testcase name="testGenericVoidResponse" classname="com.magnet.android.mms.request.ResponsePrimitiveTest" time="0.0" />
  <testcase name="testNullResponse" classname="com.magnet.android.mms.request.ResponsePrimitiveTest" time="0.001" />
  <testcase name="testPrimitiveVoidResponse" classname="com.magnet.android.mms.request.ResponsePrimitiveTest" time="0.0" />
  <testcase name="testStringListResponse" classname="com.magnet.android.mms.request.ResponsePrimitiveTest" time="0.0" />
  <testcase name="testVoidResponse" classname="com.magnet.android.mms.request.ResponsePrimitiveTest" time="0.0" />
  <testcase name="testBasicencodeDecode" classname="com.magnet.android.mms.security.DefaultEncryptorTest" time="0.025" />
  <testcase name="testCreate" classname="com.magnet.android.mms.security.DefaultEncryptorTest" time="0.0" />
  <testcase name="testEncodeDecodeABunchOfTimes" classname="com.magnet.android.mms.security.DefaultEncryptorTest" time="0.413" />
  <testcase name="testEncodeDecodeCorrupt" classname="com.magnet.android.mms.security.DefaultEncryptorTest" time="0.0" />
  <testcase name="testEncodeDecodeUsingDifferentEncryptorsButSameSymmetricKey" classname="com.magnet.android.mms.security.DefaultEncryptorTest" time="0.0" />
  <testcase name="testManyTimesEncodeDecodeCorrupt" classname="com.magnet.android.mms.security.DefaultEncryptorTest" time="0.155" />
  <testcase name="testMismatchKey" classname="com.magnet.android.mms.security.DefaultEncryptorTest" time="0.0" />
  <testcase name="testStreamEncodeDecode" classname="com.magnet.android.mms.security.DefaultEncryptorTest" time="0.026" />
  <testcase name="testStreams" classname="com.magnet.android.mms.security.DefaultEncryptorTest" time="0.232" />
  <testcase name="testDefaultValues" classname="com.magnet.android.mms.settings.AppDefaultSettingsTest" time="0.0" />
  <testcase name="testDefaultValuesFromBadXml" classname="com.magnet.android.mms.settings.AppDefaultSettingsTest" time="0.0" />
  <testcase name="testDefaultValuesFromXml" classname="com.magnet.android.mms.settings.AppDefaultSettingsTest" time="0.027" />
</testsuite>